<?xml version="1.0" encoding="UTF-8"?>
<testng-results skipped="0" failed="0" ignored="0" total="1" passed="1">
  <reporter-output>
  </reporter-output>
  <suite name="Default suite" duration-ms="148871" started-at="2020-11-19T18:48:18Z" finished-at="2020-11-19T18:50:47Z">
    <groups>
    </groups>
    <test name="Default test" duration-ms="148871" started-at="2020-11-19T18:48:18Z" finished-at="2020-11-19T18:50:47Z">
      <class name="projectSet2.TestMultipleLoginUsingFacebbokKA003">
        <test-method status="PASS" signature="beforeTest()[pri:0, instance:projectSet2.TestMultipleLoginUsingFacebbokKA003@5702b3b1]" name="beforeTest" is-config="true" duration-ms="29379" started-at="2020-11-19T18:48:18Z" finished-at="2020-11-19T18:48:48Z">
          <reporter-output>
          </reporter-output>
        </test-method> <!-- beforeTest -->
        <test-method status="PASS" signature="testLogin()[pri:0, instance:projectSet2.TestMultipleLoginUsingFacebbokKA003@5702b3b1]" name="testLogin" duration-ms="118737" started-at="2020-11-19T18:48:48Z" finished-at="2020-11-19T18:50:47Z">
          <reporter-output>
          </reporter-output>
        </test-method> <!-- testLogin -->
        <test-method status="PASS" signature="afterTest()[pri:0, instance:projectSet2.TestMultipleLoginUsingFacebbokKA003@5702b3b1]" name="afterTest" is-config="true" duration-ms="662" started-at="2020-11-19T18:50:47Z" finished-at="2020-11-19T18:50:47Z">
          <reporter-output>
          </reporter-output>
        </test-method> <!-- afterTest -->
      </class> <!-- projectSet2.TestMultipleLoginUsingFacebbokKA003 -->
    </test> <!-- Default test -->
  </suite> <!-- Default suite -->
</testng-results>
